<?xml version="1.0" encoding="UTF-8"?>
<testsuite xmlns:xsi="http://www.w3.org/2001/XMLSchema-instance" xsi:noNamespaceSchemaLocation="https://maven.apache.org/surefire/maven-surefire-plugin/xsd/surefire-test-report-3.0.xsd" version="3.0" name="com.toolrentalstore.toolrentalpos.ToolRentalPos.services.OrderServiceTests" time="6.256" tests="3" errors="0" skipped="0" failures="0">
  <properties>
    <property name="java.specification.version" value="17"/>
    <property name="sun.jnu.encoding" value="UTF-8"/>
    <property name="java.class.path" value="/home/david-eagle/projects/cardinal-challenge/api/target/test-classes:/home/david-eagle/projects/cardinal-challenge/api/target/classes:/home/david-eagle/.m2/repository/org/springframework/boot/spring-boot-starter-web/3.2.2/spring-boot-starter-web-3.2.2.jar:/home/david-eagle/.m2/repository/org/springframework/boot/spring-boot-starter/3.2.2/spring-boot-starter-3.2.2.jar:/home/david-eagle/.m2/repository/org/springframework/boot/spring-boot-starter-logging/3.2.2/spring-boot-starter-logging-3.2.2.jar:/home/david-eagle/.m2/repository/ch/qos/logback/logback-classic/1.4.14/logback-classic-1.4.14.jar:/home/david-eagle/.m2/repository/ch/qos/logback/logback-core/1.4.14/logback-core-1.4.14.jar:/home/david-eagle/.m2/repository/org/apache/logging/log4j/log4j-to-slf4j/2.21.1/log4j-to-slf4j-2.21.1.jar:/home/david-eagle/.m2/repository/org/apache/logging/log4j/log4j-api/2.21.1/log4j-api-2.21.1.jar:/home/david-eagle/.m2/repository/org/slf4j/jul-to-slf4j/2.0.11/jul-to-slf4j-2.0.11.jar:/home/david-eagle/.m2/repository/jakarta/annotation/jakarta.annotation-api/2.1.1/jakarta.annotation-api-2.1.1.jar:/home/david-eagle/.m2/repository/org/yaml/snakeyaml/2.2/snakeyaml-2.2.jar:/home/david-eagle/.m2/repository/org/springframework/boot/spring-boot-starter-json/3.2.2/spring-boot-starter-json-3.2.2.jar:/home/david-eagle/.m2/repository/com/fasterxml/jackson/core/jackson-databind/2.15.3/jackson-databind-2.15.3.jar:/home/david-eagle/.m2/repository/com/fasterxml/jackson/core/jackson-annotations/2.15.3/jackson-annotations-2.15.3.jar:/home/david-eagle/.m2/repository/com/fasterxml/jackson/core/jackson-core/2.15.3/jackson-core-2.15.3.jar:/home/david-eagle/.m2/repository/com/fasterxml/jackson/datatype/jackson-datatype-jdk8/2.15.3/jackson-datatype-jdk8-2.15.3.jar:/home/david-eagle/.m2/repository/com/fasterxml/jackson/datatype/jackson-datatype-jsr310/2.15.3/jackson-datatype-jsr310-2.15.3.jar:/home/david-eagle/.m2/repository/com/fasterxml/jackson/module/jackson-module-parameter-names/2.15.3/jackson-module-parameter-names-2.15.3.jar:/home/david-eagle/.m2/repository/org/springframework/boot/spring-boot-starter-tomcat/3.2.2/spring-boot-starter-tomcat-3.2.2.jar:/home/david-eagle/.m2/repository/org/apache/tomcat/embed/tomcat-embed-core/10.1.18/tomcat-embed-core-10.1.18.jar:/home/david-eagle/.m2/repository/org/apache/tomcat/embed/tomcat-embed-el/10.1.18/tomcat-embed-el-10.1.18.jar:/home/david-eagle/.m2/repository/org/apache/tomcat/embed/tomcat-embed-websocket/10.1.18/tomcat-embed-websocket-10.1.18.jar:/home/david-eagle/.m2/repository/org/springframework/spring-web/6.1.3/spring-web-6.1.3.jar:/home/david-eagle/.m2/repository/org/springframework/spring-beans/6.1.3/spring-beans-6.1.3.jar:/home/david-eagle/.m2/repository/io/micrometer/micrometer-observation/1.12.2/micrometer-observation-1.12.2.jar:/home/david-eagle/.m2/repository/io/micrometer/micrometer-commons/1.12.2/micrometer-commons-1.12.2.jar:/home/david-eagle/.m2/repository/org/springframework/spring-webmvc/6.1.3/spring-webmvc-6.1.3.jar:/home/david-eagle/.m2/repository/org/springframework/spring-aop/6.1.3/spring-aop-6.1.3.jar:/home/david-eagle/.m2/repository/org/springframework/spring-context/6.1.3/spring-context-6.1.3.jar:/home/david-eagle/.m2/repository/org/springframework/spring-expression/6.1.3/spring-expression-6.1.3.jar:/home/david-eagle/.m2/repository/org/postgresql/postgresql/42.6.0/postgresql-42.6.0.jar:/home/david-eagle/.m2/repository/org/checkerframework/checker-qual/3.31.0/checker-qual-3.31.0.jar:/home/david-eagle/.m2/repository/org/springframework/boot/spring-boot-starter-test/3.2.2/spring-boot-starter-test-3.2.2.jar:/home/david-eagle/.m2/repository/org/springframework/boot/spring-boot-test/3.2.2/spring-boot-test-3.2.2.jar:/home/david-eagle/.m2/repository/org/springframework/boot/spring-boot-test-autoconfigure/3.2.2/spring-boot-test-autoconfigure-3.2.2.jar:/home/david-eagle/.m2/repository/com/jayway/jsonpath/json-path/2.8.0/json-path-2.8.0.jar:/home/david-eagle/.m2/repository/org/slf4j/slf4j-api/2.0.11/slf4j-api-2.0.11.jar:/home/david-eagle/.m2/repository/jakarta/xml/bind/jakarta.xml.bind-api/4.0.1/jakarta.xml.bind-api-4.0.1.jar:/home/david-eagle/.m2/repository/jakarta/activation/jakarta.activation-api/2.1.2/jakarta.activation-api-2.1.2.jar:/home/david-eagle/.m2/repository/net/minidev/json-smart/2.5.0/json-smart-2.5.0.jar:/home/david-eagle/.m2/repository/net/minidev/accessors-smart/2.5.0/accessors-smart-2.5.0.jar:/home/david-eagle/.m2/repository/org/ow2/asm/asm/9.3/asm-9.3.jar:/home/david-eagle/.m2/repository/org/assertj/assertj-core/3.24.2/assertj-core-3.24.2.jar:/home/david-eagle/.m2/repository/net/bytebuddy/byte-buddy/1.14.11/byte-buddy-1.14.11.jar:/home/david-eagle/.m2/repository/org/awaitility/awaitility/4.2.0/awaitility-4.2.0.jar:/home/david-eagle/.m2/repository/org/hamcrest/hamcrest/2.2/hamcrest-2.2.jar:/home/david-eagle/.m2/repository/org/junit/jupiter/junit-jupiter/5.10.1/junit-jupiter-5.10.1.jar:/home/david-eagle/.m2/repository/org/junit/jupiter/junit-jupiter-api/5.10.1/junit-jupiter-api-5.10.1.jar:/home/david-eagle/.m2/repository/org/opentest4j/opentest4j/1.3.0/opentest4j-1.3.0.jar:/home/david-eagle/.m2/repository/org/junit/platform/junit-platform-commons/1.10.1/junit-platform-commons-1.10.1.jar:/home/david-eagle/.m2/repository/org/apiguardian/apiguardian-api/1.1.2/apiguardian-api-1.1.2.jar:/home/david-eagle/.m2/repository/org/junit/jupiter/junit-jupiter-params/5.10.1/junit-jupiter-params-5.10.1.jar:/home/david-eagle/.m2/repository/org/junit/jupiter/junit-jupiter-engine/5.10.1/junit-jupiter-engine-5.10.1.jar:/home/david-eagle/.m2/repository/org/junit/platform/junit-platform-engine/1.10.1/junit-platform-engine-1.10.1.jar:/home/david-eagle/.m2/repository/org/mockito/mockito-core/5.7.0/mockito-core-5.7.0.jar:/home/david-eagle/.m2/repository/net/bytebuddy/byte-buddy-agent/1.14.11/byte-buddy-agent-1.14.11.jar:/home/david-eagle/.m2/repository/org/objenesis/objenesis/3.3/objenesis-3.3.jar:/home/david-eagle/.m2/repository/org/mockito/mockito-junit-jupiter/5.7.0/mockito-junit-jupiter-5.7.0.jar:/home/david-eagle/.m2/repository/org/skyscreamer/jsonassert/1.5.1/jsonassert-1.5.1.jar:/home/david-eagle/.m2/repository/com/vaadin/external/google/android-json/0.0.20131108.vaadin1/android-json-0.0.20131108.vaadin1.jar:/home/david-eagle/.m2/repository/org/springframework/spring-core/6.1.3/spring-core-6.1.3.jar:/home/david-eagle/.m2/repository/org/springframework/spring-jcl/6.1.3/spring-jcl-6.1.3.jar:/home/david-eagle/.m2/repository/org/springframework/spring-test/6.1.3/spring-test-6.1.3.jar:/home/david-eagle/.m2/repository/org/xmlunit/xmlunit-core/2.9.1/xmlunit-core-2.9.1.jar:/home/david-eagle/.m2/repository/org/springframework/boot/spring-boot-devtools/3.2.2/spring-boot-devtools-3.2.2.jar:/home/david-eagle/.m2/repository/org/springframework/boot/spring-boot/3.2.2/spring-boot-3.2.2.jar:/home/david-eagle/.m2/repository/org/springframework/boot/spring-boot-autoconfigure/3.2.2/spring-boot-autoconfigure-3.2.2.jar:/home/david-eagle/.m2/repository/org/springframework/boot/spring-boot-starter-data-jpa/3.2.2/spring-boot-starter-data-jpa-3.2.2.jar:/home/david-eagle/.m2/repository/org/springframework/boot/spring-boot-starter-aop/3.2.2/spring-boot-starter-aop-3.2.2.jar:/home/david-eagle/.m2/repository/org/aspectj/aspectjweaver/1.9.21/aspectjweaver-1.9.21.jar:/home/david-eagle/.m2/repository/org/springframework/boot/spring-boot-starter-jdbc/3.2.2/spring-boot-starter-jdbc-3.2.2.jar:/home/david-eagle/.m2/repository/com/zaxxer/HikariCP/5.0.1/HikariCP-5.0.1.jar:/home/david-eagle/.m2/repository/org/springframework/spring-jdbc/6.1.3/spring-jdbc-6.1.3.jar:/home/david-eagle/.m2/repository/org/hibernate/orm/hibernate-core/6.4.1.Final/hibernate-core-6.4.1.Final.jar:/home/david-eagle/.m2/repository/jakarta/persistence/jakarta.persistence-api/3.1.0/jakarta.persistence-api-3.1.0.jar:/home/david-eagle/.m2/repository/jakarta/transaction/jakarta.transaction-api/2.0.1/jakarta.transaction-api-2.0.1.jar:/home/david-eagle/.m2/repository/org/jboss/logging/jboss-logging/3.5.3.Final/jboss-logging-3.5.3.Final.jar:/home/david-eagle/.m2/repository/org/hibernate/common/hibernate-commons-annotations/6.0.6.Final/hibernate-commons-annotations-6.0.6.Final.jar:/home/david-eagle/.m2/repository/io/smallrye/jandex/3.1.2/jandex-3.1.2.jar:/home/david-eagle/.m2/repository/com/fasterxml/classmate/1.6.0/classmate-1.6.0.jar:/home/david-eagle/.m2/repository/org/glassfish/jaxb/jaxb-runtime/4.0.4/jaxb-runtime-4.0.4.jar:/home/david-eagle/.m2/repository/org/glassfish/jaxb/jaxb-core/4.0.4/jaxb-core-4.0.4.jar:/home/david-eagle/.m2/repository/org/eclipse/angus/angus-activation/2.0.1/angus-activation-2.0.1.jar:/home/david-eagle/.m2/repository/org/glassfish/jaxb/txw2/4.0.4/txw2-4.0.4.jar:/home/david-eagle/.m2/repository/com/sun/istack/istack-commons-runtime/4.1.2/istack-commons-runtime-4.1.2.jar:/home/david-eagle/.m2/repository/jakarta/inject/jakarta.inject-api/2.0.1/jakarta.inject-api-2.0.1.jar:/home/david-eagle/.m2/repository/org/antlr/antlr4-runtime/4.13.0/antlr4-runtime-4.13.0.jar:/home/david-eagle/.m2/repository/org/springframework/data/spring-data-jpa/3.2.2/spring-data-jpa-3.2.2.jar:/home/david-eagle/.m2/repository/org/springframework/data/spring-data-commons/3.2.2/spring-data-commons-3.2.2.jar:/home/david-eagle/.m2/repository/org/springframework/spring-orm/6.1.3/spring-orm-6.1.3.jar:/home/david-eagle/.m2/repository/org/springframework/spring-tx/6.1.3/spring-tx-6.1.3.jar:/home/david-eagle/.m2/repository/org/springframework/spring-aspects/6.1.3/spring-aspects-6.1.3.jar:"/>
    <property name="java.vm.vendor" value="Ubuntu"/>
    <property name="sun.arch.data.model" value="64"/>
    <property name="java.vendor.url" value="https://ubuntu.com/"/>
    <property name="user.timezone" value="America/New_York"/>
    <property name="org.jboss.logging.provider" value="slf4j"/>
    <property name="os.name" value="Linux"/>
    <property name="java.vm.specification.version" value="17"/>
    <property name="sun.java.launcher" value="SUN_STANDARD"/>
    <property name="user.country" value="US"/>
    <property name="sun.boot.library.path" value="/usr/lib/jvm/java-17-openjdk-amd64/lib"/>
    <property name="sun.java.command" value="/home/david-eagle/projects/cardinal-challenge/api/target/surefire/surefirebooter-20240710132108441_3.jar /home/david-eagle/projects/cardinal-challenge/api/target/surefire 2024-07-10T13-21-08_292-jvmRun1 surefire-20240710132108441_1tmp surefire_0-20240710132108441_2tmp"/>
    <property name="jdk.debug" value="release"/>
    <property name="surefire.test.class.path" value="/home/david-eagle/projects/cardinal-challenge/api/target/test-classes:/home/david-eagle/projects/cardinal-challenge/api/target/classes:/home/david-eagle/.m2/repository/org/springframework/boot/spring-boot-starter-web/3.2.2/spring-boot-starter-web-3.2.2.jar:/home/david-eagle/.m2/repository/org/springframework/boot/spring-boot-starter/3.2.2/spring-boot-starter-3.2.2.jar:/home/david-eagle/.m2/repository/org/springframework/boot/spring-boot-starter-logging/3.2.2/spring-boot-starter-logging-3.2.2.jar:/home/david-eagle/.m2/repository/ch/qos/logback/logback-classic/1.4.14/logback-classic-1.4.14.jar:/home/david-eagle/.m2/repository/ch/qos/logback/logback-core/1.4.14/logback-core-1.4.14.jar:/home/david-eagle/.m2/repository/org/apache/logging/log4j/log4j-to-slf4j/2.21.1/log4j-to-slf4j-2.21.1.jar:/home/david-eagle/.m2/repository/org/apache/logging/log4j/log4j-api/2.21.1/log4j-api-2.21.1.jar:/home/david-eagle/.m2/repository/org/slf4j/jul-to-slf4j/2.0.11/jul-to-slf4j-2.0.11.jar:/home/david-eagle/.m2/repository/jakarta/annotation/jakarta.annotation-api/2.1.1/jakarta.annotation-api-2.1.1.jar:/home/david-eagle/.m2/repository/org/yaml/snakeyaml/2.2/snakeyaml-2.2.jar:/home/david-eagle/.m2/repository/org/springframework/boot/spring-boot-starter-json/3.2.2/spring-boot-starter-json-3.2.2.jar:/home/david-eagle/.m2/repository/com/fasterxml/jackson/core/jackson-databind/2.15.3/jackson-databind-2.15.3.jar:/home/david-eagle/.m2/repository/com/fasterxml/jackson/core/jackson-annotations/2.15.3/jackson-annotations-2.15.3.jar:/home/david-eagle/.m2/repository/com/fasterxml/jackson/core/jackson-core/2.15.3/jackson-core-2.15.3.jar:/home/david-eagle/.m2/repository/com/fasterxml/jackson/datatype/jackson-datatype-jdk8/2.15.3/jackson-datatype-jdk8-2.15.3.jar:/home/david-eagle/.m2/repository/com/fasterxml/jackson/datatype/jackson-datatype-jsr310/2.15.3/jackson-datatype-jsr310-2.15.3.jar:/home/david-eagle/.m2/repository/com/fasterxml/jackson/module/jackson-module-parameter-names/2.15.3/jackson-module-parameter-names-2.15.3.jar:/home/david-eagle/.m2/repository/org/springframework/boot/spring-boot-starter-tomcat/3.2.2/spring-boot-starter-tomcat-3.2.2.jar:/home/david-eagle/.m2/repository/org/apache/tomcat/embed/tomcat-embed-core/10.1.18/tomcat-embed-core-10.1.18.jar:/home/david-eagle/.m2/repository/org/apache/tomcat/embed/tomcat-embed-el/10.1.18/tomcat-embed-el-10.1.18.jar:/home/david-eagle/.m2/repository/org/apache/tomcat/embed/tomcat-embed-websocket/10.1.18/tomcat-embed-websocket-10.1.18.jar:/home/david-eagle/.m2/repository/org/springframework/spring-web/6.1.3/spring-web-6.1.3.jar:/home/david-eagle/.m2/repository/org/springframework/spring-beans/6.1.3/spring-beans-6.1.3.jar:/home/david-eagle/.m2/repository/io/micrometer/micrometer-observation/1.12.2/micrometer-observation-1.12.2.jar:/home/david-eagle/.m2/repository/io/micrometer/micrometer-commons/1.12.2/micrometer-commons-1.12.2.jar:/home/david-eagle/.m2/repository/org/springframework/spring-webmvc/6.1.3/spring-webmvc-6.1.3.jar:/home/david-eagle/.m2/repository/org/springframework/spring-aop/6.1.3/spring-aop-6.1.3.jar:/home/david-eagle/.m2/repository/org/springframework/spring-context/6.1.3/spring-context-6.1.3.jar:/home/david-eagle/.m2/repository/org/springframework/spring-expression/6.1.3/spring-expression-6.1.3.jar:/home/david-eagle/.m2/repository/org/postgresql/postgresql/42.6.0/postgresql-42.6.0.jar:/home/david-eagle/.m2/repository/org/checkerframework/checker-qual/3.31.0/checker-qual-3.31.0.jar:/home/david-eagle/.m2/repository/org/springframework/boot/spring-boot-starter-test/3.2.2/spring-boot-starter-test-3.2.2.jar:/home/david-eagle/.m2/repository/org/springframework/boot/spring-boot-test/3.2.2/spring-boot-test-3.2.2.jar:/home/david-eagle/.m2/repository/org/springframework/boot/spring-boot-test-autoconfigure/3.2.2/spring-boot-test-autoconfigure-3.2.2.jar:/home/david-eagle/.m2/repository/com/jayway/jsonpath/json-path/2.8.0/json-path-2.8.0.jar:/home/david-eagle/.m2/repository/org/slf4j/slf4j-api/2.0.11/slf4j-api-2.0.11.jar:/home/david-eagle/.m2/repository/jakarta/xml/bind/jakarta.xml.bind-api/4.0.1/jakarta.xml.bind-api-4.0.1.jar:/home/david-eagle/.m2/repository/jakarta/activation/jakarta.activation-api/2.1.2/jakarta.activation-api-2.1.2.jar:/home/david-eagle/.m2/repository/net/minidev/json-smart/2.5.0/json-smart-2.5.0.jar:/home/david-eagle/.m2/repository/net/minidev/accessors-smart/2.5.0/accessors-smart-2.5.0.jar:/home/david-eagle/.m2/repository/org/ow2/asm/asm/9.3/asm-9.3.jar:/home/david-eagle/.m2/repository/org/assertj/assertj-core/3.24.2/assertj-core-3.24.2.jar:/home/david-eagle/.m2/repository/net/bytebuddy/byte-buddy/1.14.11/byte-buddy-1.14.11.jar:/home/david-eagle/.m2/repository/org/awaitility/awaitility/4.2.0/awaitility-4.2.0.jar:/home/david-eagle/.m2/repository/org/hamcrest/hamcrest/2.2/hamcrest-2.2.jar:/home/david-eagle/.m2/repository/org/junit/jupiter/junit-jupiter/5.10.1/junit-jupiter-5.10.1.jar:/home/david-eagle/.m2/repository/org/junit/jupiter/junit-jupiter-api/5.10.1/junit-jupiter-api-5.10.1.jar:/home/david-eagle/.m2/repository/org/opentest4j/opentest4j/1.3.0/opentest4j-1.3.0.jar:/home/david-eagle/.m2/repository/org/junit/platform/junit-platform-commons/1.10.1/junit-platform-commons-1.10.1.jar:/home/david-eagle/.m2/repository/org/apiguardian/apiguardian-api/1.1.2/apiguardian-api-1.1.2.jar:/home/david-eagle/.m2/repository/org/junit/jupiter/junit-jupiter-params/5.10.1/junit-jupiter-params-5.10.1.jar:/home/david-eagle/.m2/repository/org/junit/jupiter/junit-jupiter-engine/5.10.1/junit-jupiter-engine-5.10.1.jar:/home/david-eagle/.m2/repository/org/junit/platform/junit-platform-engine/1.10.1/junit-platform-engine-1.10.1.jar:/home/david-eagle/.m2/repository/org/mockito/mockito-core/5.7.0/mockito-core-5.7.0.jar:/home/david-eagle/.m2/repository/net/bytebuddy/byte-buddy-agent/1.14.11/byte-buddy-agent-1.14.11.jar:/home/david-eagle/.m2/repository/org/objenesis/objenesis/3.3/objenesis-3.3.jar:/home/david-eagle/.m2/repository/org/mockito/mockito-junit-jupiter/5.7.0/mockito-junit-jupiter-5.7.0.jar:/home/david-eagle/.m2/repository/org/skyscreamer/jsonassert/1.5.1/jsonassert-1.5.1.jar:/home/david-eagle/.m2/repository/com/vaadin/external/google/android-json/0.0.20131108.vaadin1/android-json-0.0.20131108.vaadin1.jar:/home/david-eagle/.m2/repository/org/springframework/spring-core/6.1.3/spring-core-6.1.3.jar:/home/david-eagle/.m2/repository/org/springframework/spring-jcl/6.1.3/spring-jcl-6.1.3.jar:/home/david-eagle/.m2/repository/org/springframework/spring-test/6.1.3/spring-test-6.1.3.jar:/home/david-eagle/.m2/repository/org/xmlunit/xmlunit-core/2.9.1/xmlunit-core-2.9.1.jar:/home/david-eagle/.m2/repository/org/springframework/boot/spring-boot-devtools/3.2.2/spring-boot-devtools-3.2.2.jar:/home/david-eagle/.m2/repository/org/springframework/boot/spring-boot/3.2.2/spring-boot-3.2.2.jar:/home/david-eagle/.m2/repository/org/springframework/boot/spring-boot-autoconfigure/3.2.2/spring-boot-autoconfigure-3.2.2.jar:/home/david-eagle/.m2/repository/org/springframework/boot/spring-boot-starter-data-jpa/3.2.2/spring-boot-starter-data-jpa-3.2.2.jar:/home/david-eagle/.m2/repository/org/springframework/boot/spring-boot-starter-aop/3.2.2/spring-boot-starter-aop-3.2.2.jar:/home/david-eagle/.m2/repository/org/aspectj/aspectjweaver/1.9.21/aspectjweaver-1.9.21.jar:/home/david-eagle/.m2/repository/org/springframework/boot/spring-boot-starter-jdbc/3.2.2/spring-boot-starter-jdbc-3.2.2.jar:/home/david-eagle/.m2/repository/com/zaxxer/HikariCP/5.0.1/HikariCP-5.0.1.jar:/home/david-eagle/.m2/repository/org/springframework/spring-jdbc/6.1.3/spring-jdbc-6.1.3.jar:/home/david-eagle/.m2/repository/org/hibernate/orm/hibernate-core/6.4.1.Final/hibernate-core-6.4.1.Final.jar:/home/david-eagle/.m2/repository/jakarta/persistence/jakarta.persistence-api/3.1.0/jakarta.persistence-api-3.1.0.jar:/home/david-eagle/.m2/repository/jakarta/transaction/jakarta.transaction-api/2.0.1/jakarta.transaction-api-2.0.1.jar:/home/david-eagle/.m2/repository/org/jboss/logging/jboss-logging/3.5.3.Final/jboss-logging-3.5.3.Final.jar:/home/david-eagle/.m2/repository/org/hibernate/common/hibernate-commons-annotations/6.0.6.Final/hibernate-commons-annotations-6.0.6.Final.jar:/home/david-eagle/.m2/repository/io/smallrye/jandex/3.1.2/jandex-3.1.2.jar:/home/david-eagle/.m2/repository/com/fasterxml/classmate/1.6.0/classmate-1.6.0.jar:/home/david-eagle/.m2/repository/org/glassfish/jaxb/jaxb-runtime/4.0.4/jaxb-runtime-4.0.4.jar:/home/david-eagle/.m2/repository/org/glassfish/jaxb/jaxb-core/4.0.4/jaxb-core-4.0.4.jar:/home/david-eagle/.m2/repository/org/eclipse/angus/angus-activation/2.0.1/angus-activation-2.0.1.jar:/home/david-eagle/.m2/repository/org/glassfish/jaxb/txw2/4.0.4/txw2-4.0.4.jar:/home/david-eagle/.m2/repository/com/sun/istack/istack-commons-runtime/4.1.2/istack-commons-runtime-4.1.2.jar:/home/david-eagle/.m2/repository/jakarta/inject/jakarta.inject-api/2.0.1/jakarta.inject-api-2.0.1.jar:/home/david-eagle/.m2/repository/org/antlr/antlr4-runtime/4.13.0/antlr4-runtime-4.13.0.jar:/home/david-eagle/.m2/repository/org/springframework/data/spring-data-jpa/3.2.2/spring-data-jpa-3.2.2.jar:/home/david-eagle/.m2/repository/org/springframework/data/spring-data-commons/3.2.2/spring-data-commons-3.2.2.jar:/home/david-eagle/.m2/repository/org/springframework/spring-orm/6.1.3/spring-orm-6.1.3.jar:/home/david-eagle/.m2/repository/org/springframework/spring-tx/6.1.3/spring-tx-6.1.3.jar:/home/david-eagle/.m2/repository/org/springframework/spring-aspects/6.1.3/spring-aspects-6.1.3.jar:"/>
    <property name="sun.cpu.endian" value="little"/>
    <property name="user.home" value="/home/david-eagle"/>
    <property name="user.language" value="en"/>
    <property name="java.specification.vendor" value="Oracle Corporation"/>
    <property name="java.version.date" value="2024-04-16"/>
    <property name="java.home" value="/usr/lib/jvm/java-17-openjdk-amd64"/>
    <property name="file.separator" value="/"/>
    <property name="basedir" value="/home/david-eagle/projects/cardinal-challenge/api"/>
    <property name="java.vm.compressedOopsMode" value="Zero based"/>
    <property name="line.separator" value="&#10;"/>
    <property name="java.specification.name" value="Java Platform API Specification"/>
    <property name="java.vm.specification.vendor" value="Oracle Corporation"/>
    <property name="FILE_LOG_CHARSET" value="UTF-8"/>
    <property name="java.awt.headless" value="true"/>
    <property name="surefire.real.class.path" value="/home/david-eagle/projects/cardinal-challenge/api/target/surefire/surefirebooter-20240710132108441_3.jar"/>
    <property name="sun.management.compiler" value="HotSpot 64-Bit Tiered Compilers"/>
    <property name="java.runtime.version" value="17.0.11+9-Ubuntu-122.04.1"/>
    <property name="user.name" value="david-eagle"/>
    <property name="path.separator" value=":"/>
    <property name="os.version" value="6.5.0-41-generic"/>
    <property name="java.runtime.name" value="OpenJDK Runtime Environment"/>
    <property name="file.encoding" value="UTF-8"/>
    <property name="java.vm.name" value="OpenJDK 64-Bit Server VM"/>
    <property name="localRepository" value="/home/david-eagle/.m2/repository"/>
    <property name="java.vendor.url.bug" value="https://bugs.launchpad.net/ubuntu/+source/openjdk-17"/>
    <property name="java.io.tmpdir" value="/tmp"/>
    <property name="com.zaxxer.hikari.pool_number" value="1"/>
    <property name="java.version" value="17.0.11"/>
    <property name="user.dir" value="/home/david-eagle/projects/cardinal-challenge/api"/>
    <property name="os.arch" value="amd64"/>
    <property name="java.vm.specification.name" value="Java Virtual Machine Specification"/>
    <property name="PID" value="2064734"/>
    <property name="CONSOLE_LOG_CHARSET" value="UTF-8"/>
    <property name="native.encoding" value="UTF-8"/>
    <property name="java.library.path" value="/usr/java/packages/lib:/usr/lib/x86_64-linux-gnu/jni:/lib/x86_64-linux-gnu:/usr/lib/x86_64-linux-gnu:/usr/lib/jni:/lib:/usr/lib"/>
    <property name="java.vm.info" value="mixed mode, sharing"/>
    <property name="java.vendor" value="Ubuntu"/>
    <property name="java.vm.version" value="17.0.11+9-Ubuntu-122.04.1"/>
    <property name="sun.io.unicode.encoding" value="UnicodeLittle"/>
    <property name="java.class.version" value="61.0"/>
  </properties>
  <testcase name="getChargableDaysForProductForDaysStarting" classname="com.toolrentalstore.toolrentalpos.ToolRentalPos.services.OrderServiceTests" time="0.561">
    <system-out><![CDATA[13:21:09.190 [main] INFO org.springframework.test.context.support.AnnotationConfigContextLoaderUtils -- Could not detect default configuration classes for test class [com.toolrentalstore.toolrentalpos.ToolRentalPos.services.OrderServiceTests]: OrderServiceTests does not declare any static, non-private, non-final, nested classes annotated with @Configuration.
13:21:09.330 [main] INFO org.springframework.boot.test.context.SpringBootTestContextBootstrapper -- Found @SpringBootConfiguration com.toolrentalstore.toolrentalpos.ToolRentalPos.ToolRentalPosApplication for test class com.toolrentalstore.toolrentalpos.ToolRentalPos.services.OrderServiceTests
13:21:09.500 [main] INFO org.springframework.boot.devtools.restart.RestartApplicationListener -- Restart disabled due to context in which it is running

  .   ____          _            __ _ _
 /\\ / ___'_ __ _ _(_)_ __  __ _ \ \ \ \
( ( )\___ | '_ | '_| | '_ \/ _` | \ \ \ \
 \\/  ___)| |_)| | | | | || (_| |  ) ) ) )
  '  |____| .__|_| |_|_| |_\__, | / / / /
 =========|_|==============|___/=/_/_/_/
 :: Spring Boot ::                (v3.2.2)

2024-07-10T13:21:09.773-04:00  INFO 2064734 --- [           main] c.t.t.T.services.OrderServiceTests       : Starting OrderServiceTests using Java 17.0.11 with PID 2064734 (started by david-eagle in /home/david-eagle/projects/cardinal-challenge/api)
2024-07-10T13:21:09.774-04:00  INFO 2064734 --- [           main] c.t.t.T.services.OrderServiceTests       : No active profile set, falling back to 1 default profile: "default"
2024-07-10T13:21:10.677-04:00  INFO 2064734 --- [           main] .s.d.r.c.RepositoryConfigurationDelegate : Bootstrapping Spring Data JPA repositories in DEFAULT mode.
2024-07-10T13:21:10.780-04:00  INFO 2064734 --- [           main] .s.d.r.c.RepositoryConfigurationDelegate : Finished Spring Data repository scanning in 92 ms. Found 3 JPA repository interfaces.
2024-07-10T13:21:11.335-04:00  INFO 2064734 --- [           main] com.zaxxer.hikari.HikariDataSource       : HikariPool-1 - Starting...
2024-07-10T13:21:11.539-04:00  INFO 2064734 --- [           main] com.zaxxer.hikari.pool.HikariPool        : HikariPool-1 - Added connection org.postgresql.jdbc.PgConnection@1de0641b
2024-07-10T13:21:11.541-04:00  INFO 2064734 --- [           main] com.zaxxer.hikari.HikariDataSource       : HikariPool-1 - Start completed.
2024-07-10T13:21:11.600-04:00  INFO 2064734 --- [           main] o.hibernate.jpa.internal.util.LogHelper  : HHH000204: Processing PersistenceUnitInfo [name: default]
2024-07-10T13:21:11.654-04:00  INFO 2064734 --- [           main] org.hibernate.Version                    : HHH000412: Hibernate ORM core version 6.4.1.Final
2024-07-10T13:21:11.776-04:00  INFO 2064734 --- [           main] o.h.c.internal.RegionFactoryInitiator    : HHH000026: Second-level cache disabled
2024-07-10T13:21:12.061-04:00  INFO 2064734 --- [           main] o.s.o.j.p.SpringPersistenceUnitInfo      : No LoadTimeWeaver setup: ignoring JPA class transformer
2024-07-10T13:21:12.119-04:00  WARN 2064734 --- [           main] org.hibernate.orm.deprecation            : HHH90000025: PostgreSQLDialect does not need to be specified explicitly using 'hibernate.dialect' (remove the property setting and it will be selected by default)
2024-07-10T13:21:13.076-04:00  INFO 2064734 --- [           main] o.h.e.t.j.p.i.JtaPlatformInitiator       : HHH000489: No JTA platform available (set 'hibernate.transaction.jta.platform' to enable JTA platform integration)
2024-07-10T13:21:13.080-04:00  INFO 2064734 --- [           main] j.LocalContainerEntityManagerFactoryBean : Initialized JPA EntityManagerFactory for persistence unit 'default'
2024-07-10T13:21:13.510-04:00  WARN 2064734 --- [           main] JpaBaseConfiguration$JpaWebConfiguration : spring.jpa.open-in-view is enabled by default. Therefore, database queries may be performed during view rendering. Explicitly configure spring.jpa.open-in-view to disable this warning
2024-07-10T13:21:13.976-04:00  INFO 2064734 --- [           main] c.t.t.T.services.OrderServiceTests       : Started OrderServiceTests in 4.49 seconds (process running for 5.471)
]]></system-out>
  </testcase>
  <testcase name="testRentalScenarios" classname="com.toolrentalstore.toolrentalpos.ToolRentalPos.services.OrderServiceTests" time="0.448">
    <system-out><![CDATA[--
Discount Percentage: 10
Discount Amount: 0.1990000039190054
Rental Fees: 1.9900000095367432
-- Order #99 Processed --
Tool Code: LADW
Tool Type: ladder
Tool brand: werner
Rental days: 3
Check out date: 07/02/20
Due date: 07/05/20
Daily rental char: $1.99
Charge days: 1
Pre-discount Charge : $1.99
Discount Percent: 10%
Discount Amount: $0.00
Final Charge: $1.79
--
Discount Percentage: 25
Discount Amount: 1.1175000667572021
Rental Fees: 4.470000267028809
-- Order #99 Processed --
Tool Code: CHNS
Tool Type: chainsaw
Tool brand: stihl
Rental days: 5
Check out date: 07/02/15
Due date: 07/07/15
Daily rental char: $1.49
Charge days: 3
Pre-discount Charge : $4.47
Discount Percent: 25%
Discount Amount: $1.00
Final Charge: $3.35
--
Discount Percentage: 0
Discount Amount: 0.0
Rental Fees: 8.970000267028809
-- Order #99 Processed --
Tool Code: JAKD
Tool Type: jackhammer
Tool brand: dewalt
Rental days: 6
Check out date: 09/03/15
Due date: 09/09/15
Daily rental char: $2.99
Charge days: 3
Pre-discount Charge : $8.97
Discount Percent: 0%
Discount Amount: $0.00
Final Charge: $8.97
--
Discount Percentage: 0
Discount Amount: 0.0
Rental Fees: 17.940000534057617
-- Order #99 Processed --
Tool Code: JAKR
Tool Type: jackhammer
Tool brand: ridgid
Rental days: 9
Check out date: 07/02/15
Due date: 07/11/15
Daily rental char: $2.99
Charge days: 6
Pre-discount Charge : $17.94
Discount Percent: 0%
Discount Amount: $0.00
Final Charge: $17.94
--
Discount Percentage: 50
Discount Amount: 1.4950000047683716
Rental Fees: 2.990000009536743
-- Order #99 Processed --
Tool Code: JAKR
Tool Type: jackhammer
Tool brand: ridgid
Rental days: 4
Check out date: 07/02/20
Due date: 07/06/20
Daily rental char: $2.99
Charge days: 1
Pre-discount Charge : $2.99
Discount Percent: 50%
Discount Amount: $1.00
Final Charge: $1.50
]]></system-out>
  </testcase>
  <testcase name="processOrder" classname="com.toolrentalstore.toolrentalpos.ToolRentalPos.services.OrderServiceTests" time="0.255">
    <system-out><![CDATA[--
Discount Percentage: 50
Discount Amount: 4.485000133514404
Rental Fees: 8.970000267028809
--
Order Created with id 32
Order Item created for tool: JAKD
--
Discount Percentage: 50
Discount Amount: 4.485000133514404
Rental Fees: 8.970000267028809
-- Order #32 Processed --
Tool Code: JAKD
Tool Type: jackhammer
Tool brand: dewalt
Rental days: 4
Check out date: 07/01/24
Due date: 07/05/24
Daily rental char: $2.99
Charge days: 3
Pre-discount Charge : $8.97
Discount Percent: 50%
Discount Amount: $4.00
Final Charge: $4.49
--
Discount Percentage: 50
Discount Amount: 11.450000286102295
Rental Fees: 22.90000057220459
--
Order Created with id 33
Order Item created for tool: JAKD
Order Item created for tool: LADW
--
Discount Percentage: 50
Discount Amount: 11.450000286102295
Rental Fees: 22.90000057220459
-- Order #33 Processed --
Tool Code: JAKD, LADW
Tool Type: jackhammer, ladder
Tool brand: dewalt, werner
Rental days: 8
Check out date: 07/01/24
Due date: 07/09/24
Daily rental char: $4.98
Charge days: 10
Pre-discount Charge : $22.90
Discount Percent: 50%
Discount Amount: $11.00
Final Charge: $11.45
]]></system-out>
  </testcase>
</testsuite>